<?xml version="1.0" encoding="UTF-8"?>
<testng-results skipped="0" failed="0" total="2" passed="2">
  <reporter-output>
  </reporter-output>
  <suite name="Default suite" duration-ms="29" started-at="2016-03-10T06:51:37Z" finished-at="2016-03-10T06:51:37Z">
    <groups>
    </groups>
    <test name="Default test" duration-ms="29" started-at="2016-03-10T06:51:37Z" finished-at="2016-03-10T06:51:37Z">
      <class name="priv.jjzhai.employee.TestEmployeeDetails">
        <test-method status="PASS" signature="testCalculateAppriasal()[pri:0, instance:priv.jjzhai.employee.TestEmployeeDetails@36ac1596]" name="testCalculateAppriasal" duration-ms="13" started-at="2016-03-10T14:51:37Z" finished-at="2016-03-10T14:51:37Z">
          <reporter-output>
          </reporter-output>
        </test-method> <!-- testCalculateAppriasal -->
        <test-method status="PASS" signature="testCalculateYearlySalary()[pri:0, instance:priv.jjzhai.employee.TestEmployeeDetails@36ac1596]" name="testCalculateYearlySalary" duration-ms="0" started-at="2016-03-10T14:51:37Z" finished-at="2016-03-10T14:51:37Z">
          <reporter-output>
          </reporter-output>
        </test-method> <!-- testCalculateYearlySalary -->
      </class> <!-- priv.jjzhai.employee.TestEmployeeDetails -->
    </test> <!-- Default test -->
  </suite> <!-- Default suite -->
</testng-results>
